<?xml version="1.0" encoding="UTF-8"?>
<testsuite name="TestAsm" tests="1" skipped="0" failures="0" errors="0" timestamp="2019-10-15T15:07:51" hostname="ruoyundeMacBook-Pro.local" time="0.224">
  <properties/>
  <testcase name="testC" classname="TestAsm" time="0.224"/>
  <system-out><![CDATA[2 begin
1 begin
1 end
2 end
开始
3 begin
4 begin
3 end
4 end
结束
]]></system-out>
  <system-err><![CDATA[]]></system-err>
</testsuite>
